
=== Sun Apr 23 09:34:03 2023

Packages were changed.
Update Mode: mergeDefaultDependencies

The following packages were added:
  com.unity.ide.rider@3.0.18
  com.unity.ide.visualstudio@2.0.17
  com.unity.ide.vscode@1.2.5
  com.unity.modules.ai@1.0.0
  com.unity.modules.androidjni@1.0.0
  com.unity.modules.cloth@1.0.0
  com.unity.modules.terrain@1.0.0
  com.unity.modules.terrainphysics@1.0.0
  com.unity.modules.tilemap@1.0.0
  com.unity.modules.uielements@1.0.0
  com.unity.modules.umbra@1.0.0
  com.unity.modules.unityanalytics@1.0.0
  com.unity.modules.wind@1.0.0
  com.unity.visualscripting@1.8.0
The following packages were updated:
  com.unity.collab-proxy from version 1.17.6 to 2.0.3
  com.unity.learn.iet-framework from version 2.2.2 to 3.1.1
  com.unity.render-pipelines.universal from version 12.1.7 to 12.1.11

=== Sat Sep  9 08:33:07 2023

Packages were changed.
Update Mode: updateDependencies

The following packages were added:
  com.unity.ai.navigation@1.1.4
The following packages were updated:
  com.unity.animation.rigging from version 1.1.1 to 1.2.1
  com.unity.barracuda from version 2.0.0 to 3.0.0
  com.unity.burst from version 1.6.6 to 1.8.8
  com.unity.cinemachine from version 2.8.9 to 2.9.5
  com.unity.collab-proxy from version 2.0.3 to 2.0.7
  com.unity.ide.rider from version 3.0.18 to 3.0.24
  com.unity.ide.visualstudio from version 2.0.17 to 2.0.18
  com.unity.learn.iet-framework from version 3.1.1 to 3.1.3
  com.unity.probuilder from version 5.0.6 to 5.1.1
  com.unity.render-pipelines.universal from version 12.1.11 to 14.0.8
  com.unity.timeline from version 1.6.4 to 1.7.5
  com.unity.visualscripting from version 1.8.0 to 1.9.0
